<?xml version="1.0" encoding="UTF-8"?>
<robot generator="Robot 3.2.2 (Python 3.7.9 on win32)" generated="20210510 15:12:09.109" rpa="false">
<suite id="s1" name="Parabank" source="H:\development\robot-scripts\portfolio-selenium\parabank\Tests\Parabank.robot">
<test id="s1-t1" name="Check all non-login features">
<kw name="Begin Web Test" library="globalkey" type="setup">
<kw name="Open Browser" library="SeleniumLibrary">
<doc>Opens a new browser instance to the optional ``url``.</doc>
<arguments>
<arg>about:blank</arg>
<arg>chrome</arg>
</arguments>
<msg timestamp="20210510 15:12:09.302" level="INFO">Opening browser 'chrome' to base url 'about:blank'.</msg>
<status status="PASS" starttime="20210510 15:12:09.302" endtime="20210510 15:12:10.423"></status>
</kw>
<status status="PASS" starttime="20210510 15:12:09.302" endtime="20210510 15:12:10.423"></status>
</kw>
<kw name="Homepage Actions" library="Actions">
<kw name="Open" library="Homepage">
<kw name="Go To" library="SeleniumLibrary">
<doc>Navigates the current browser window to the provided ``url``.</doc>
<arguments>
<arg>https://parabank.parasoft.com</arg>
</arguments>
<msg timestamp="20210510 15:12:10.424" level="INFO">Opening url 'https://parabank.parasoft.com'</msg>
<status status="PASS" starttime="20210510 15:12:10.424" endtime="20210510 15:12:12.826"></status>
</kw>
<status status="PASS" starttime="20210510 15:12:10.424" endtime="20210510 15:12:12.826"></status>
</kw>
<kw name="Check Page Loaded" library="Homepage">
<kw name="Wait Until Page Contains Element" library="SeleniumLibrary">
<doc>Waits until the element ``locator`` appears on the current page.</doc>
<arguments>
<arg>xpath=//*[@id="topPanel"]/a[2]/img</arg>
</arguments>
<status status="PASS" starttime="20210510 15:12:12.827" endtime="20210510 15:12:12.838"></status>
</kw>
<kw name="Sleep" library="BuiltIn">
<doc>Pauses the test executed for the given time.</doc>
<arguments>
<arg>2s</arg>
</arguments>
<msg timestamp="20210510 15:12:14.840" level="INFO">Slept 2 seconds</msg>
<status status="PASS" starttime="20210510 15:12:12.839" endtime="20210510 15:12:14.840"></status>
</kw>
<status status="PASS" starttime="20210510 15:12:12.826" endtime="20210510 15:12:14.840"></status>
</kw>
<kw name="About Us" library="Homepage">
<kw name="Click Element" library="SeleniumLibrary">
<doc>Click the element identified by ``locator``.</doc>
<arguments>
<arg>xpath=//*[@id="headerPanel"]/ul[1]/li[2]/a</arg>
</arguments>
<msg timestamp="20210510 15:12:14.841" level="INFO">Clicking element 'xpath=//*[@id="headerPanel"]/ul[1]/li[2]/a'.</msg>
<status status="PASS" starttime="20210510 15:12:14.841" endtime="20210510 15:12:15.791"></status>
</kw>
<kw name="Wait Until Page Contains Element" library="SeleniumLibrary">
<doc>Waits until the element ``locator`` appears on the current page.</doc>
<arguments>
<arg>xpath=//*[@id="rightPanel"]/p[2]</arg>
</arguments>
<status status="PASS" starttime="20210510 15:12:15.791" endtime="20210510 15:12:15.801"></status>
</kw>
<kw name="Click Element" library="SeleniumLibrary">
<doc>Click the element identified by ``locator``.</doc>
<arguments>
<arg>xpath=//*[@id="rightPanel"]/p[3]/a</arg>
</arguments>
<msg timestamp="20210510 15:12:15.801" level="INFO">Clicking element 'xpath=//*[@id="rightPanel"]/p[3]/a'.</msg>
<status status="PASS" starttime="20210510 15:12:15.801" endtime="20210510 15:12:23.295"></status>
</kw>
<kw name="Wait Until Page Contains Element" library="SeleniumLibrary">
<doc>Waits until the element ``locator`` appears on the current page.</doc>
<arguments>
<arg>xpath=/html/body/section[1]/div[2]/div/div/div[1]/div/div[1]/h1</arg>
</arguments>
<status status="PASS" starttime="20210510 15:12:23.296" endtime="20210510 15:12:23.316"></status>
</kw>
<kw name="Go To" library="SeleniumLibrary">
<doc>Navigates the current browser window to the provided ``url``.</doc>
<arguments>
<arg>https://parabank.parasoft.com/parabank/about.htm</arg>
</arguments>
<msg timestamp="20210510 15:12:23.316" level="INFO">Opening url 'https://parabank.parasoft.com/parabank/about.htm'</msg>
<status status="PASS" starttime="20210510 15:12:23.316" endtime="20210510 15:12:23.619"></status>
</kw>
<kw name="Click Element" library="SeleniumLibrary">
<doc>Click the element identified by ``locator``.</doc>
<arguments>
<arg>xpath=//*[@id="headerPanel"]/ul[2]/li[1]/a</arg>
</arguments>
<msg timestamp="20210510 15:12:23.619" level="INFO">Clicking element 'xpath=//*[@id="headerPanel"]/ul[2]/li[1]/a'.</msg>
<status status="PASS" starttime="20210510 15:12:23.619" endtime="20210510 15:12:24.054"></status>
</kw>
<kw name="Wait Until Page Contains Element" library="SeleniumLibrary">
<doc>Waits until the element ``locator`` appears on the current page.</doc>
<arguments>
<arg>xpath=//*[@id="rightPanel"]/h4</arg>
</arguments>
<status status="PASS" starttime="20210510 15:12:24.054" endtime="20210510 15:12:24.065"></status>
</kw>
<status status="PASS" starttime="20210510 15:12:14.840" endtime="20210510 15:12:24.065"></status>
</kw>
<kw name="Services" library="Homepage">
<kw name="Click Element" library="SeleniumLibrary">
<doc>Click the element identified by ``locator``.</doc>
<arguments>
<arg>xpath=//*[@id="headerPanel"]/ul[1]/li[3]/a</arg>
</arguments>
<msg timestamp="20210510 15:12:24.065" level="INFO">Clicking element 'xpath=//*[@id="headerPanel"]/ul[1]/li[3]/a'.</msg>
<status status="PASS" starttime="20210510 15:12:24.065" endtime="20210510 15:12:24.776"></status>
</kw>
<kw name="Wait Until Page Contains Element" library="SeleniumLibrary">
<doc>Waits until the element ``locator`` appears on the current page.</doc>
<arguments>
<arg>xpath=//*[@id="rightPanel"]/span[1]</arg>
</arguments>
<status status="PASS" starttime="20210510 15:12:24.776" endtime="20210510 15:12:24.787"></status>
</kw>
<kw name="Click Element" library="SeleniumLibrary">
<doc>Click the element identified by ``locator``.</doc>
<arguments>
<arg>xpath=//*[@id="rightPanel"]/table[1]/tbody/tr[1]/td[2]/a</arg>
</arguments>
<msg timestamp="20210510 15:12:24.787" level="INFO">Clicking element 'xpath=//*[@id="rightPanel"]/table[1]/tbody/tr[1]/td[2]/a'.</msg>
<status status="PASS" starttime="20210510 15:12:24.787" endtime="20210510 15:12:25.222"></status>
</kw>
<status status="PASS" starttime="20210510 15:12:24.065" endtime="20210510 15:12:25.222"></status>
</kw>
<status status="PASS" starttime="20210510 15:12:10.424" endtime="20210510 15:12:25.222"></status>
</kw>
<kw name="End Web Test" library="globalkey" type="teardown">
<kw name="Close Browser" library="SeleniumLibrary">
<doc>Closes the current browser.</doc>
<status status="PASS" starttime="20210510 15:12:25.224" endtime="20210510 15:12:27.325"></status>
</kw>
<status status="PASS" starttime="20210510 15:12:25.223" endtime="20210510 15:12:27.325"></status>
</kw>
<tags>
<tag>Smoke</tag>
</tags>
<status status="PASS" starttime="20210510 15:12:09.301" endtime="20210510 15:12:27.326" critical="yes"></status>
</test>
<doc>This is some basic info about the whole suite</doc>
<status status="PASS" starttime="20210510 15:12:09.111" endtime="20210510 15:12:27.327"></status>
</suite>
<statistics>
<total>
<stat pass="1" fail="0">Critical Tests</stat>
<stat pass="1" fail="0">All Tests</stat>
</total>
<tag>
<stat pass="1" fail="0">Smoke</stat>
</tag>
<suite>
<stat pass="1" fail="0" id="s1" name="Parabank">Parabank</stat>
</suite>
</statistics>
<errors>
</errors>
</robot>
